2025-08-23 12:48:15,662 - config.settings - INFO - Configuration loaded successfully
2025-08-23 12:48:15,663 - __main__ - INFO - Initializing DS18B20 temperature sensor...
2025-08-23 12:48:15,663 - sensor.ds18b20_reader - ERROR - Failed to initialize DS18B20 sensor: No DS18B20 sensors found. Check wiring and 1-Wire configuration.
2025-08-23 12:48:15,664 - __main__ - WARNING - Failed to initialize real sensor: No DS18B20 sensors found. Check wiring and 1-Wire configuration.
2025-08-23 12:48:15,664 - __main__ - INFO - Falling back to mock sensor
2025-08-23 12:48:15,664 - sensor.ds18b20_reader - INFO - Mock DS18B20 sensor initialized: 28-mock-sensor-id
2025-08-23 12:48:15,665 - __main__ - INFO - Starting temperature monitoring every 2.0 seconds...
2025-08-23 12:48:15,665 - __main__ - INFO - Press Ctrl+C to stop monitoring
2025-08-23 12:48:15,666 - __main__ - INFO - Temperature: 23.32°C (73.98°F)
2025-08-23 12:48:17,695 - __main__ - INFO - Temperature: 23.57°C (74.43°F)
2025-08-23 12:48:19,728 - __main__ - INFO - Temperature: 21.19°C (70.14°F)
2025-08-23 12:48:21,759 - __main__ - INFO - Temperature: 20.70°C (69.26°F)
2025-08-23 12:48:23,787 - __main__ - INFO - Temperature: 21.99°C (71.58°F)
2025-08-23 12:48:25,821 - __main__ - INFO - Temperature: 23.50°C (74.30°F)
2025-08-23 12:48:27,849 - __main__ - INFO - Temperature: 23.93°C (75.07°F)
2025-08-23 12:48:29,886 - __main__ - INFO - Temperature: 20.67°C (69.21°F)
2025-08-23 12:48:31,918 - __main__ - INFO - Temperature: 23.03°C (73.45°F)
2025-08-23 12:48:33,949 - __main__ - INFO - Temperature: 24.70°C (76.46°F)
2025-08-23 12:48:35,995 - __main__ - INFO - Temperature: 24.37°C (75.87°F)
2025-08-23 12:48:38,058 - __main__ - INFO - Temperature: 23.24°C (73.83°F)
2025-08-23 12:48:40,088 - __main__ - INFO - Temperature: 21.27°C (70.29°F)
2025-08-23 12:48:42,124 - __main__ - INFO - Temperature: 24.87°C (76.77°F)
2025-08-23 12:48:44,161 - __main__ - INFO - Temperature: 22.43°C (72.37°F)
2025-08-23 12:48:46,198 - __main__ - INFO - Temperature: 22.63°C (72.73°F)
2025-08-23 12:48:48,285 - __main__ - INFO - Temperature: 21.08°C (69.94°F)
2025-08-23 12:48:50,317 - __main__ - INFO - Temperature: 22.53°C (72.55°F)
2025-08-23 12:48:52,342 - __main__ - INFO - Temperature: 21.91°C (71.44°F)
2025-08-23 12:48:54,399 - __main__ - INFO - Temperature: 20.73°C (69.31°F)
2025-08-23 12:48:56,431 - __main__ - INFO - Temperature: 21.71°C (71.08°F)
2025-08-23 12:48:58,451 - __main__ - INFO - Temperature: 24.41°C (75.94°F)
2025-08-23 12:49:00,478 - __main__ - INFO - Temperature: 24.07°C (75.33°F)
2025-08-23 12:49:02,508 - __main__ - INFO - Temperature: 21.59°C (70.86°F)
2025-08-23 12:49:04,534 - __main__ - INFO - Temperature: 24.88°C (76.78°F)
2025-08-23 12:49:06,573 - __main__ - INFO - Temperature: 23.15°C (73.67°F)
2025-08-23 12:49:08,619 - __main__ - INFO - Temperature: 22.24°C (72.03°F)
2025-08-23 12:49:10,655 - __main__ - INFO - Temperature: 20.32°C (68.58°F)
2025-08-23 12:49:12,705 - __main__ - INFO - Temperature: 22.39°C (72.30°F)
2025-08-23 12:49:14,731 - __main__ - INFO - Temperature: 20.57°C (69.03°F)
2025-08-23 12:49:16,766 - __main__ - INFO - Temperature: 22.80°C (73.04°F)
2025-08-23 12:49:18,812 - __main__ - INFO - Temperature: 24.19°C (75.54°F)
2025-08-23 12:49:20,885 - __main__ - INFO - Temperature: 23.58°C (74.44°F)
2025-08-23 12:49:22,918 - __main__ - INFO - Temperature: 20.43°C (68.77°F)
2025-08-23 12:49:24,954 - __main__ - INFO - Temperature: 22.07°C (71.73°F)
2025-08-23 12:49:26,982 - __main__ - INFO - Temperature: 22.86°C (73.15°F)
2025-08-23 12:49:29,014 - __main__ - INFO - Temperature: 20.20°C (68.36°F)
2025-08-23 12:49:31,053 - __main__ - INFO - Temperature: 20.91°C (69.64°F)
2025-08-23 12:49:33,075 - __main__ - INFO - Temperature: 20.69°C (69.24°F)
2025-08-23 12:49:35,119 - __main__ - INFO - Temperature: 24.57°C (76.23°F)
2025-08-23 12:49:37,160 - __main__ - INFO - Temperature: 21.95°C (71.51°F)
2025-08-23 12:49:39,190 - __main__ - INFO - Temperature: 21.65°C (70.97°F)
2025-08-23 12:49:41,236 - __main__ - INFO - Temperature: 20.71°C (69.28°F)
2025-08-23 12:49:43,265 - __main__ - INFO - Temperature: 22.22°C (72.00°F)
2025-08-23 12:49:45,299 - __main__ - INFO - Temperature: 24.17°C (75.51°F)
2025-08-23 12:49:47,334 - __main__ - INFO - Temperature: 21.79°C (71.22°F)
2025-08-23 12:49:49,363 - __main__ - INFO - Temperature: 22.35°C (72.23°F)
2025-08-23 12:49:51,412 - __main__ - INFO - Temperature: 20.99°C (69.78°F)
2025-08-23 12:49:53,452 - __main__ - INFO - Temperature: 22.24°C (72.03°F)
2025-08-23 12:49:55,506 - __main__ - INFO - Temperature: 24.24°C (75.63°F)
2025-08-23 12:49:57,542 - __main__ - INFO - Temperature: 24.56°C (76.21°F)
2025-08-23 12:49:59,587 - __main__ - INFO - Temperature: 22.30°C (72.14°F)
2025-08-23 12:50:01,626 - __main__ - INFO - Temperature: 21.33°C (70.39°F)
2025-08-23 12:50:03,668 - __main__ - INFO - Temperature: 24.39°C (75.90°F)
2025-08-23 12:50:05,696 - __main__ - INFO - Temperature: 22.83°C (73.09°F)
2025-08-23 12:50:07,722 - __main__ - INFO - Temperature: 24.88°C (76.78°F)
2025-08-23 12:50:09,760 - __main__ - INFO - Temperature: 20.15°C (68.27°F)
2025-08-23 12:50:11,801 - __main__ - INFO - Temperature: 21.88°C (71.38°F)
2025-08-23 12:50:13,857 - __main__ - INFO - Temperature: 24.42°C (75.96°F)
2025-08-23 12:50:15,889 - __main__ - INFO - Temperature: 24.37°C (75.87°F)
2025-08-23 12:50:17,921 - __main__ - INFO - Temperature: 24.52°C (76.14°F)
2025-08-23 12:50:19,952 - __main__ - INFO - Temperature: 23.72°C (74.70°F)
2025-08-23 12:50:21,984 - __main__ - INFO - Temperature: 24.74°C (76.53°F)
2025-08-23 12:50:24,028 - __main__ - INFO - Temperature: 22.05°C (71.69°F)
2025-08-23 12:50:26,059 - __main__ - INFO - Temperature: 22.21°C (71.98°F)
2025-08-23 12:50:28,090 - __main__ - INFO - Temperature: 23.29°C (73.92°F)
2025-08-23 12:50:30,124 - __main__ - INFO - Temperature: 24.23°C (75.61°F)
2025-08-23 12:50:32,165 - __main__ - INFO - Temperature: 21.26°C (70.27°F)
2025-08-23 12:50:34,210 - __main__ - INFO - Temperature: 21.41°C (70.54°F)
2025-08-23 12:50:36,257 - __main__ - INFO - Temperature: 20.34°C (68.61°F)
2025-08-23 12:50:38,288 - __main__ - INFO - Temperature: 22.73°C (72.91°F)
2025-08-23 12:50:40,331 - __main__ - INFO - Temperature: 22.51°C (72.52°F)
2025-08-23 12:50:42,379 - __main__ - INFO - Temperature: 21.13°C (70.03°F)
2025-08-23 12:50:44,412 - __main__ - INFO - Temperature: 20.50°C (68.90°F)
2025-08-23 12:50:46,469 - __main__ - INFO - Temperature: 24.74°C (76.53°F)
2025-08-23 12:50:48,517 - __main__ - INFO - Temperature: 22.25°C (72.05°F)
2025-08-23 12:50:50,559 - __main__ - INFO - Temperature: 22.54°C (72.57°F)
2025-08-23 12:50:52,590 - __main__ - INFO - Temperature: 22.29°C (72.12°F)
2025-08-23 12:50:54,629 - __main__ - INFO - Temperature: 23.41°C (74.14°F)
2025-08-23 12:50:56,682 - __main__ - INFO - Temperature: 20.65°C (69.17°F)
2025-08-23 12:50:58,740 - __main__ - INFO - Temperature: 24.60°C (76.28°F)
2025-08-23 12:51:00,785 - __main__ - INFO - Temperature: 24.69°C (76.44°F)
2025-08-23 12:51:02,819 - __main__ - INFO - Temperature: 24.32°C (75.78°F)
2025-08-23 12:51:04,848 - __main__ - INFO - Temperature: 21.33°C (70.39°F)
2025-08-23 12:51:06,886 - __main__ - INFO - Temperature: 21.71°C (71.08°F)
2025-08-23 12:51:08,928 - __main__ - INFO - Temperature: 20.29°C (68.52°F)
2025-08-23 12:51:10,962 - __main__ - INFO - Temperature: 20.74°C (69.33°F)
2025-08-23 12:51:13,006 - __main__ - INFO - Temperature: 20.96°C (69.73°F)
2025-08-23 12:51:15,051 - __main__ - INFO - Temperature: 23.66°C (74.59°F)
2025-08-23 12:51:17,083 - __main__ - INFO - Temperature: 21.40°C (70.52°F)
2025-08-23 12:51:19,138 - __main__ - INFO - Temperature: 21.09°C (69.96°F)
2025-08-23 12:51:21,173 - __main__ - INFO - Temperature: 20.29°C (68.52°F)
2025-08-23 12:51:23,212 - __main__ - INFO - Temperature: 21.87°C (71.37°F)
2025-08-23 12:51:25,258 - __main__ - INFO - Temperature: 22.73°C (72.91°F)
2025-08-23 12:51:27,288 - __main__ - INFO - Temperature: 23.54°C (74.37°F)
2025-08-23 12:51:29,322 - __main__ - INFO - Temperature: 21.01°C (69.82°F)
2025-08-23 12:51:31,359 - __main__ - INFO - Temperature: 21.15°C (70.07°F)
2025-08-23 12:51:33,406 - __main__ - INFO - Temperature: 21.43°C (70.57°F)
2025-08-23 12:51:35,448 - __main__ - INFO - Temperature: 22.75°C (72.95°F)
2025-08-23 12:51:37,478 - __main__ - INFO - Temperature: 21.95°C (71.51°F)
2025-08-23 12:51:39,514 - __main__ - INFO - Temperature: 23.12°C (73.62°F)
2025-08-23 12:51:41,549 - __main__ - INFO - Temperature: 20.46°C (68.83°F)
2025-08-23 12:51:43,593 - __main__ - INFO - Temperature: 23.12°C (73.62°F)
2025-08-23 12:51:45,622 - __main__ - INFO - Temperature: 24.28°C (75.70°F)
2025-08-23 12:51:47,660 - __main__ - INFO - Temperature: 23.44°C (74.19°F)
2025-08-23 12:51:49,692 - __main__ - INFO - Temperature: 23.02°C (73.44°F)
2025-08-23 12:51:51,743 - __main__ - INFO - Temperature: 23.82°C (74.88°F)
2025-08-23 12:51:53,782 - __main__ - INFO - Temperature: 20.61°C (69.10°F)
2025-08-23 12:51:55,829 - __main__ - INFO - Temperature: 22.84°C (73.11°F)
2025-08-23 12:51:57,885 - __main__ - INFO - Temperature: 24.42°C (75.96°F)
2025-08-23 12:51:59,929 - __main__ - INFO - Temperature: 21.05°C (69.89°F)
2025-08-23 12:52:01,969 - __main__ - INFO - Temperature: 21.42°C (70.56°F)
2025-08-23 12:52:04,014 - __main__ - INFO - Temperature: 24.29°C (75.72°F)
2025-08-23 12:52:06,047 - __main__ - INFO - Temperature: 23.07°C (73.53°F)
2025-08-23 12:52:08,091 - __main__ - INFO - Temperature: 20.37°C (68.67°F)
2025-08-23 12:52:10,136 - __main__ - INFO - Temperature: 23.31°C (73.96°F)
2025-08-23 12:52:12,186 - __main__ - INFO - Temperature: 23.50°C (74.30°F)
2025-08-23 12:52:14,233 - __main__ - INFO - Temperature: 23.82°C (74.88°F)
2025-08-23 12:52:16,282 - __main__ - INFO - Temperature: 22.86°C (73.15°F)
2025-08-23 12:52:18,323 - __main__ - INFO - Temperature: 21.17°C (70.11°F)
2025-08-23 12:52:20,375 - __main__ - INFO - Temperature: 23.45°C (74.21°F)
2025-08-23 12:52:22,514 - __main__ - INFO - Temperature: 20.12°C (68.22°F)
2025-08-23 12:52:24,558 - __main__ - INFO - Temperature: 23.77°C (74.79°F)
2025-08-23 12:52:26,604 - __main__ - INFO - Temperature: 20.93°C (69.67°F)
2025-08-23 12:52:28,642 - __main__ - INFO - Temperature: 24.43°C (75.97°F)
2025-08-23 12:52:30,686 - __main__ - INFO - Temperature: 22.35°C (72.23°F)
2025-08-23 12:52:32,733 - __main__ - INFO - Temperature: 22.19°C (71.94°F)
2025-08-23 12:52:34,767 - __main__ - INFO - Temperature: 24.63°C (76.33°F)
2025-08-23 12:52:36,800 - __main__ - INFO - Temperature: 24.96°C (76.93°F)
2025-08-23 12:52:38,844 - __main__ - INFO - Temperature: 21.79°C (71.22°F)
2025-08-23 12:52:40,872 - __main__ - INFO - Temperature: 24.36°C (75.85°F)
2025-08-23 12:52:42,917 - __main__ - INFO - Temperature: 20.59°C (69.06°F)
2025-08-23 12:52:44,961 - __main__ - INFO - Temperature: 22.12°C (71.82°F)
2025-08-23 12:52:46,999 - __main__ - INFO - Temperature: 21.75°C (71.15°F)
2025-08-23 12:59:25,761 - __main__ - INFO - Temperature: 23.32°C (73.98°F)
2025-08-23 12:59:27,925 - __main__ - INFO - Temperature: 21.56°C (70.81°F)
2025-08-23 12:59:29,984 - __main__ - INFO - Temperature: 23.86°C (74.95°F)
2025-08-23 12:59:32,005 - __main__ - INFO - Temperature: 21.41°C (70.54°F)
2025-08-23 12:59:34,058 - __main__ - INFO - Temperature: 21.38°C (70.48°F)
2025-08-23 12:59:36,165 - __main__ - INFO - Temperature: 24.49°C (76.08°F)
2025-08-23 12:59:38,208 - __main__ - INFO - Temperature: 21.13°C (70.03°F)
2025-08-23 12:59:40,259 - __main__ - INFO - Temperature: 24.45°C (76.01°F)
2025-08-23 12:59:42,298 - __main__ - INFO - Temperature: 24.80°C (76.64°F)
2025-08-23 12:59:44,327 - __main__ - INFO - Temperature: 23.98°C (75.16°F)
2025-08-23 12:59:46,368 - __main__ - INFO - Temperature: 21.47°C (70.65°F)
2025-08-23 12:59:48,403 - __main__ - INFO - Temperature: 24.54°C (76.17°F)
2025-08-23 12:59:50,446 - __main__ - INFO - Temperature: 22.97°C (73.35°F)
2025-08-23 12:59:52,484 - __main__ - INFO - Temperature: 24.34°C (75.81°F)
2025-08-23 12:59:54,527 - __main__ - INFO - Temperature: 23.94°C (75.09°F)
2025-08-23 12:59:56,561 - __main__ - INFO - Temperature: 24.13°C (75.43°F)
2025-08-23 12:59:58,596 - __main__ - INFO - Temperature: 23.43°C (74.17°F)
2025-08-23 13:00:00,628 - __main__ - INFO - Temperature: 21.39°C (70.50°F)
2025-08-23 13:00:02,672 - __main__ - INFO - Temperature: 20.98°C (69.76°F)
2025-08-23 13:00:04,718 - __main__ - INFO - Temperature: 22.16°C (71.89°F)
2025-08-23 13:00:06,753 - __main__ - INFO - Temperature: 24.69°C (76.44°F)
2025-08-23 13:00:08,792 - __main__ - INFO - Temperature: 22.97°C (73.35°F)
2025-08-23 13:00:10,827 - __main__ - INFO - Temperature: 21.92°C (71.46°F)
2025-08-23 13:00:12,852 - __main__ - INFO - Temperature: 20.55°C (68.99°F)
2025-08-23 13:00:14,885 - __main__ - INFO - Temperature: 21.77°C (71.19°F)
2025-08-23 13:00:16,920 - __main__ - INFO - Temperature: 23.26°C (73.87°F)
2025-08-23 13:00:18,954 - __main__ - INFO - Temperature: 23.18°C (73.72°F)
2025-08-23 13:00:20,980 - __main__ - INFO - Temperature: 21.28°C (70.30°F)
2025-08-23 13:00:23,009 - __main__ - INFO - Temperature: 23.48°C (74.26°F)
2025-08-23 13:00:25,050 - __main__ - INFO - Temperature: 20.77°C (69.39°F)
2025-08-23 13:00:27,086 - __main__ - INFO - Temperature: 23.41°C (74.14°F)
2025-08-23 13:00:29,127 - __main__ - INFO - Temperature: 23.70°C (74.66°F)
2025-08-23 13:00:31,174 - __main__ - INFO - Temperature: 22.13°C (71.83°F)
2025-08-23 13:00:33,214 - __main__ - INFO - Temperature: 21.80°C (71.24°F)
2025-08-23 13:00:35,253 - __main__ - INFO - Temperature: 20.10°C (68.18°F)
2025-08-23 13:00:37,285 - __main__ - INFO - Temperature: 22.90°C (73.22°F)
2025-08-23 13:00:39,326 - __main__ - INFO - Temperature: 20.19°C (68.34°F)
2025-08-23 13:00:41,357 - __main__ - INFO - Temperature: 24.18°C (75.52°F)
2025-08-23 13:00:43,399 - __main__ - INFO - Temperature: 20.20°C (68.36°F)
2025-08-23 13:00:45,447 - __main__ - INFO - Temperature: 22.05°C (71.69°F)
2025-08-23 13:00:47,478 - __main__ - INFO - Temperature: 22.42°C (72.36°F)
2025-08-23 13:00:49,513 - __main__ - INFO - Temperature: 20.91°C (69.64°F)
2025-08-23 13:00:51,541 - __main__ - INFO - Temperature: 23.51°C (74.32°F)
2025-08-23 13:00:53,576 - __main__ - INFO - Temperature: 21.31°C (70.36°F)
2025-08-23 13:00:55,613 - __main__ - INFO - Temperature: 23.18°C (73.72°F)
2025-08-23 13:00:57,654 - __main__ - INFO - Temperature: 21.90°C (71.42°F)
2025-08-23 13:00:59,687 - __main__ - INFO - Temperature: 22.80°C (73.04°F)
2025-08-23 13:01:01,719 - __main__ - INFO - Temperature: 20.59°C (69.06°F)
2025-08-23 13:01:03,761 - __main__ - INFO - Temperature: 23.48°C (74.26°F)
2025-08-23 13:01:05,811 - __main__ - INFO - Temperature: 23.27°C (73.89°F)
2025-08-23 13:01:07,839 - __main__ - INFO - Temperature: 24.75°C (76.55°F)
2025-08-23 13:01:09,868 - __main__ - INFO - Temperature: 20.79°C (69.42°F)
2025-08-23 13:01:11,907 - __main__ - INFO - Temperature: 22.24°C (72.03°F)
2025-08-23 13:01:13,949 - __main__ - INFO - Temperature: 24.27°C (75.69°F)
2025-08-23 13:01:15,978 - __main__ - INFO - Temperature: 23.18°C (73.72°F)
2025-08-23 13:01:18,010 - __main__ - INFO - Temperature: 23.31°C (73.96°F)
2025-08-23 13:01:20,045 - __main__ - INFO - Temperature: 23.02°C (73.44°F)
2025-08-23 13:01:22,080 - __main__ - INFO - Temperature: 22.89°C (73.20°F)
2025-08-23 13:01:24,111 - __main__ - INFO - Temperature: 21.55°C (70.79°F)
2025-08-23 13:01:26,150 - __main__ - INFO - Temperature: 20.83°C (69.49°F)
2025-08-23 13:01:28,186 - __main__ - INFO - Temperature: 24.93°C (76.87°F)
2025-08-23 13:01:30,226 - __main__ - INFO - Temperature: 23.55°C (74.39°F)
2025-08-23 13:01:32,261 - __main__ - INFO - Temperature: 21.25°C (70.25°F)
2025-08-23 13:01:34,295 - __main__ - INFO - Temperature: 23.39°C (74.10°F)
2025-08-23 13:01:36,326 - __main__ - INFO - Temperature: 24.72°C (76.50°F)
2025-08-23 13:01:38,365 - __main__ - INFO - Temperature: 23.21°C (73.78°F)
2025-08-23 13:01:40,404 - __main__ - INFO - Temperature: 20.50°C (68.90°F)
2025-08-23 13:01:42,434 - __main__ - INFO - Temperature: 24.60°C (76.28°F)
2025-08-23 13:01:44,469 - __main__ - INFO - Temperature: 20.23°C (68.41°F)
2025-08-23 13:01:46,503 - __main__ - INFO - Temperature: 23.84°C (74.91°F)
2025-08-23 13:01:48,539 - __main__ - INFO - Temperature: 23.53°C (74.35°F)
2025-08-23 13:01:50,574 - __main__ - INFO - Temperature: 21.48°C (70.66°F)
2025-08-23 13:01:52,605 - __main__ - INFO - Temperature: 23.33°C (73.99°F)
2025-08-23 13:01:54,634 - __main__ - INFO - Temperature: 21.32°C (70.38°F)
2025-08-23 13:01:56,664 - __main__ - INFO - Temperature: 23.33°C (73.99°F)
2025-08-23 13:01:58,699 - __main__ - INFO - Temperature: 20.11°C (68.20°F)
2025-08-23 13:02:00,735 - __main__ - INFO - Temperature: 21.82°C (71.28°F)
2025-08-23 13:02:02,770 - __main__ - INFO - Temperature: 23.67°C (74.61°F)
2025-08-23 13:02:04,807 - __main__ - INFO - Temperature: 24.70°C (76.46°F)
2025-08-23 13:02:06,837 - __main__ - INFO - Temperature: 23.49°C (74.28°F)
2025-08-23 13:02:08,878 - __main__ - INFO - Temperature: 21.99°C (71.58°F)
2025-08-23 13:02:10,914 - __main__ - INFO - Temperature: 22.51°C (72.52°F)
2025-08-23 13:02:12,949 - __main__ - INFO - Temperature: 24.24°C (75.63°F)
2025-08-23 13:02:14,985 - __main__ - INFO - Temperature: 20.01°C (68.02°F)
2025-08-23 13:02:17,024 - __main__ - INFO - Temperature: 20.00°C (68.00°F)
2025-08-23 13:02:19,062 - __main__ - INFO - Temperature: 23.94°C (75.09°F)
2025-08-23 13:02:21,100 - __main__ - INFO - Temperature: 21.93°C (71.47°F)
2025-08-23 13:02:23,132 - __main__ - INFO - Temperature: 23.40°C (74.12°F)
2025-08-23 13:02:25,171 - __main__ - INFO - Temperature: 24.65°C (76.37°F)
2025-08-23 13:02:27,209 - __main__ - INFO - Temperature: 20.38°C (68.68°F)
2025-08-23 13:02:29,246 - __main__ - INFO - Temperature: 23.18°C (73.72°F)
2025-08-23 13:02:31,291 - __main__ - INFO - Temperature: 24.70°C (76.46°F)
2025-08-23 13:02:33,344 - __main__ - INFO - Temperature: 21.18°C (70.12°F)
2025-08-23 13:02:35,408 - __main__ - INFO - Temperature: 20.19°C (68.34°F)
2025-08-23 13:02:37,447 - __main__ - INFO - Temperature: 23.68°C (74.62°F)
2025-08-23 13:02:39,505 - __main__ - INFO - Temperature: 21.68°C (71.02°F)
2025-08-23 13:02:41,555 - __main__ - INFO - Temperature: 21.05°C (69.89°F)
2025-08-23 13:02:43,599 - __main__ - INFO - Temperature: 22.19°C (71.94°F)
2025-08-23 13:02:45,641 - __main__ - INFO - Temperature: 24.47°C (76.05°F)
2025-08-23 13:02:47,675 - __main__ - INFO - Temperature: 22.63°C (72.73°F)
2025-08-23 13:02:49,711 - __main__ - INFO - Temperature: 21.92°C (71.46°F)
2025-08-23 13:02:51,748 - __main__ - INFO - Temperature: 24.95°C (76.91°F)
2025-08-23 13:02:53,784 - __main__ - INFO - Temperature: 24.56°C (76.21°F)
2025-08-23 13:02:55,818 - __main__ - INFO - Temperature: 23.42°C (74.16°F)
2025-08-23 13:02:57,850 - __main__ - INFO - Temperature: 21.20°C (70.16°F)
2025-08-23 13:02:59,886 - __main__ - INFO - Temperature: 23.53°C (74.35°F)
2025-08-23 13:03:01,916 - __main__ - INFO - Temperature: 24.36°C (75.85°F)
2025-08-23 13:03:03,956 - __main__ - INFO - Temperature: 22.48°C (72.46°F)
2025-08-23 13:03:05,994 - __main__ - INFO - Temperature: 20.31°C (68.56°F)
2025-08-23 13:03:08,031 - __main__ - INFO - Temperature: 23.33°C (73.99°F)
2025-08-23 13:03:10,063 - __main__ - INFO - Temperature: 24.42°C (75.96°F)
2025-08-23 13:03:12,102 - __main__ - INFO - Temperature: 23.47°C (74.25°F)
2025-08-23 13:03:14,138 - __main__ - INFO - Temperature: 21.46°C (70.63°F)
2025-08-23 13:03:16,180 - __main__ - INFO - Temperature: 24.67°C (76.41°F)
2025-08-23 13:03:18,218 - __main__ - INFO - Temperature: 21.74°C (71.13°F)
2025-08-23 13:03:20,267 - __main__ - INFO - Temperature: 22.67°C (72.81°F)
2025-08-23 13:03:22,304 - __main__ - INFO - Temperature: 22.71°C (72.88°F)
2025-08-23 13:03:24,344 - __main__ - INFO - Temperature: 20.66°C (69.19°F)
2025-08-23 13:03:26,381 - __main__ - INFO - Temperature: 22.68°C (72.82°F)
2025-08-23 13:03:28,422 - __main__ - INFO - Temperature: 24.75°C (76.55°F)
2025-08-23 13:03:30,462 - __main__ - INFO - Temperature: 24.49°C (76.08°F)
2025-08-23 13:03:32,514 - __main__ - INFO - Temperature: 23.85°C (74.93°F)
2025-08-23 13:03:34,558 - __main__ - INFO - Temperature: 23.58°C (74.44°F)
2025-08-23 13:03:36,591 - __main__ - INFO - Temperature: 23.52°C (74.34°F)
2025-08-23 13:03:38,629 - __main__ - INFO - Temperature: 23.32°C (73.98°F)
2025-08-23 13:03:40,670 - __main__ - INFO - Temperature: 22.21°C (71.98°F)
2025-08-23 13:03:42,708 - __main__ - INFO - Temperature: 20.03°C (68.05°F)
2025-08-23 13:03:44,738 - __main__ - INFO - Temperature: 23.33°C (73.99°F)
2025-08-23 13:03:46,770 - __main__ - INFO - Temperature: 24.76°C (76.57°F)
2025-08-23 13:03:48,819 - __main__ - INFO - Temperature: 20.30°C (68.54°F)
2025-08-23 13:03:50,858 - __main__ - INFO - Temperature: 21.31°C (70.36°F)
2025-08-23 13:03:52,897 - __main__ - INFO - Temperature: 21.71°C (71.08°F)
2025-08-23 13:03:54,941 - __main__ - INFO - Temperature: 20.26°C (68.47°F)
2025-08-23 13:03:56,980 - __main__ - INFO - Temperature: 23.23°C (73.81°F)
2025-08-23 13:03:59,045 - __main__ - INFO - Temperature: 20.01°C (68.02°F)
2025-08-23 13:04:01,080 - __main__ - INFO - Temperature: 24.61°C (76.30°F)
2025-08-23 13:04:03,119 - __main__ - INFO - Temperature: 23.81°C (74.86°F)
2025-08-23 13:04:05,155 - __main__ - INFO - Temperature: 22.22°C (72.00°F)
2025-08-23 13:04:07,188 - __main__ - INFO - Temperature: 24.65°C (76.37°F)
2025-08-23 13:04:09,226 - __main__ - INFO - Temperature: 24.61°C (76.30°F)
2025-08-23 13:04:11,267 - __main__ - INFO - Temperature: 21.46°C (70.63°F)
2025-08-23 13:04:13,308 - __main__ - INFO - Temperature: 23.58°C (74.44°F)
2025-08-23 13:04:15,347 - __main__ - INFO - Temperature: 22.27°C (72.09°F)
2025-08-23 13:04:50,227 - __main__ - INFO - Temperature: 24.08°C (75.34°F)
2025-08-23 13:04:52,330 - __main__ - INFO - Temperature: 21.90°C (71.42°F)
2025-08-23 13:04:54,402 - __main__ - INFO - Temperature: 23.80°C (74.84°F)
2025-08-23 13:04:56,439 - __main__ - INFO - Temperature: 21.67°C (71.01°F)
2025-08-23 13:04:58,482 - __main__ - INFO - Temperature: 20.11°C (68.20°F)
2025-08-23 13:05:00,532 - __main__ - INFO - Temperature: 22.30°C (72.14°F)
2025-08-23 13:05:02,609 - __main__ - INFO - Temperature: 20.43°C (68.77°F)
2025-08-23 13:05:04,659 - __main__ - INFO - Temperature: 22.19°C (71.94°F)
2025-08-23 13:05:06,715 - __main__ - INFO - Temperature: 23.30°C (73.94°F)
2025-08-23 13:05:08,751 - __main__ - INFO - Temperature: 23.15°C (73.67°F)
2025-08-23 13:05:10,786 - __main__ - INFO - Temperature: 23.14°C (73.65°F)
2025-08-23 13:05:12,966 - __main__ - INFO - Temperature: 22.88°C (73.18°F)
2025-08-23 13:05:15,012 - __main__ - INFO - Temperature: 23.45°C (74.21°F)
